2025-04-08 10:29:24,625 - INFO - Iniciando processamento da planilha: teste_planilha.xlsx
2025-04-08 10:29:24,636 - INFO - Processando linha 2 (0%)
2025-04-08 10:29:24,636 - WARNING - URL inválida para Portal: Notícia1. Usando URL padrão.
2025-04-08 10:29:24,636 - WARNING - URL inválida para Impresso: Notícia1. Usando URL padrão.
2025-04-08 10:29:24,636 - WARNING - URL inválida para TV: Notícia1. Usando URL padrão.
2025-04-08 10:29:24,636 - WARNING - URL inválida para Rádio: Notícia1. Usando URL padrão.
2025-04-08 10:29:24,637 - WARNING - URL inválida para extração de keywords: Notícia1
2025-04-08 10:29:24,637 - WARNING - URL inválida para detecção de mídia: Notícia1
2025-04-08 10:29:24,637 - INFO - Processando linha 3 (50%)
2025-04-08 10:29:24,637 - WARNING - URL inválida para Portal: Notícia2. Usando URL padrão.
2025-04-08 10:29:24,637 - WARNING - URL inválida para Impresso: Notícia2. Usando URL padrão.
2025-04-08 10:29:24,637 - WARNING - URL inválida para TV: Notícia2. Usando URL padrão.
2025-04-08 10:29:24,638 - WARNING - URL inválida para Rádio: Notícia2. Usando URL padrão.
2025-04-08 10:29:24,638 - WARNING - URL inválida para extração de keywords: Notícia2
2025-04-08 10:29:24,638 - WARNING - URL inválida para detecção de mídia: Notícia2
2025-04-08 10:29:24,653 - INFO - Planilha processada salva em: teste_planilha_processado.xlsx
2025-04-08 10:33:03,741 - INFO - Iniciando processamento da planilha: teste.xlsx
2025-04-08 10:33:03,741 - ERROR - Arquivo não encontrado: teste.xlsx
2025-04-08 10:34:08,490 - INFO - Iniciando processamento da planilha: teste_links.xlsx
2025-04-08 10:34:08,493 - INFO - Processando linha 2 (0%)
2025-04-08 10:34:08,493 - WARNING - URL inválida para Portal: Notícia1. Usando URL padrão.
2025-04-08 10:34:08,493 - WARNING - URL inválida para Impresso: Notícia1. Usando URL padrão.
2025-04-08 10:34:08,493 - WARNING - URL inválida para TV: Notícia1. Usando URL padrão.
2025-04-08 10:34:08,493 - WARNING - URL inválida para Rádio: Notícia1. Usando URL padrão.
2025-04-08 10:34:08,493 - WARNING - URL inválida para extração de keywords: Notícia1
2025-04-08 10:34:08,494 - WARNING - URL inválida para detecção de mídia: Notícia1
2025-04-08 10:34:08,494 - INFO - Processando linha 3 (50%)
2025-04-08 10:34:08,494 - WARNING - URL inválida para Portal: Notícia2. Usando URL padrão.
2025-04-08 10:34:08,494 - WARNING - URL inválida para Impresso: Notícia2. Usando URL padrão.
2025-04-08 10:34:08,494 - WARNING - URL inválida para TV: Notícia2. Usando URL padrão.
2025-04-08 10:34:08,494 - WARNING - URL inválida para Rádio: Notícia2. Usando URL padrão.
2025-04-08 10:34:08,494 - WARNING - URL inválida para extração de keywords: Notícia2
2025-04-08 10:34:08,494 - WARNING - URL inválida para detecção de mídia: Notícia2
2025-04-08 10:34:08,513 - INFO - Planilha processada salva em: teste_links_processado.xlsx
2025-04-08 10:35:02,800 - INFO - Iniciando processamento da planilha: teste_links.xlsx
2025-04-08 10:35:02,804 - INFO - Encontrada coluna Link web - Imagem: Link web - Imagem (índice 2)
2025-04-08 10:35:02,804 - INFO - Encontrada coluna Link web - Texto: Link web - Texto (índice 3)
2025-04-08 10:35:02,804 - INFO - Processando linha 2 (0%)
2025-04-08 10:35:02,804 - INFO - Link web - Imagem na linha 2: https://example.com/img1.jpg
2025-04-08 10:35:02,804 - INFO - Link web - Texto na linha 2: https://example.com/texto1
2025-04-08 10:35:02,804 - WARNING - URL inválida para extração de keywords: Notícia1
2025-04-08 10:35:02,804 - WARNING - URL inválida para detecção de mídia: Notícia1
2025-04-08 10:35:02,804 - INFO - Processando linha 3 (50%)
2025-04-08 10:35:02,804 - INFO - Link web - Imagem na linha 3: https://example.com/img2.jpg
2025-04-08 10:35:02,804 - INFO - Link web - Texto na linha 3: https://example.com/texto2
2025-04-08 10:35:02,805 - WARNING - URL inválida para extração de keywords: Notícia2
2025-04-08 10:35:02,805 - WARNING - URL inválida para detecção de mídia: Notícia2
2025-04-08 10:35:02,823 - INFO - Planilha processada salva em: teste_links_processado.xlsx
2025-04-08 10:41:45,544 - INFO - Iniciando processamento da planilha: teste_pdf_links.xlsx
2025-04-08 10:41:45,547 - INFO - Encontrada coluna Link web - Imagem: Link web - Imagem (índice 2)
2025-04-08 10:41:45,548 - INFO - Encontrada coluna Link web - Texto: Link web - Texto (índice 3)
2025-04-08 10:41:45,548 - INFO - Processando linha 2 (0%)
2025-04-08 10:41:45,548 - INFO - Link web - Imagem na linha 2: https://example.com/img1.jpg
2025-04-08 10:41:45,548 - INFO - Link web - Texto na linha 2: https://braspub-monitoring.com.br/materia/123
2025-04-08 10:41:45,548 - INFO - Buscando mídia para: Portal na URL: https://braspub-monitoring.com.br/materia/123
2025-04-08 10:41:45,548 - INFO - Fazendo requisição para: https://braspub-monitoring.com.br/materia/123
2025-04-08 10:41:45,677 - WARNING - Falha ao acessar URL: https://braspub-monitoring.com.br/materia/123, status: 404
2025-04-08 10:41:45,677 - INFO - Portal link extraído de link_web_texto: https://braspub-monitoring.com.br/materia/123
2025-04-08 10:41:45,677 - WARNING - URL inválida para extração de keywords: Notícia1
2025-04-08 10:41:45,677 - WARNING - URL inválida para detecção de mídia: Notícia1
2025-04-08 10:41:45,677 - INFO - Processando linha 3 (33%)
2025-04-08 10:41:45,678 - INFO - Link web - Imagem na linha 3: https://example.com/img2.jpg
2025-04-08 10:41:45,678 - INFO - Link web - Texto na linha 3: https://braspub-monitoring.com.br/noticia/456
2025-04-08 10:41:45,678 - INFO - Buscando mídia para: Portal na URL: https://braspub-monitoring.com.br/noticia/456
2025-04-08 10:41:45,678 - INFO - Fazendo requisição para: https://braspub-monitoring.com.br/noticia/456
2025-04-08 10:41:45,754 - WARNING - Falha ao acessar URL: https://braspub-monitoring.com.br/noticia/456, status: 404
2025-04-08 10:41:45,754 - INFO - Portal link extraído de link_web_texto: https://braspub-monitoring.com.br/noticia/456
2025-04-08 10:41:45,754 - WARNING - URL inválida para extração de keywords: Notícia2
2025-04-08 10:41:45,754 - WARNING - URL inválida para detecção de mídia: Notícia2
2025-04-08 10:41:45,755 - INFO - Processando linha 4 (66%)
2025-04-08 10:41:45,755 - INFO - Link web - Imagem na linha 4: https://example.com/img3.jpg
2025-04-08 10:41:45,755 - INFO - Link web - Texto na linha 4: https://braspub-monitoring.com.br/pdf/789
2025-04-08 10:41:45,755 - INFO - Buscando mídia para: Portal na URL: https://braspub-monitoring.com.br/pdf/789
2025-04-08 10:41:45,755 - INFO - Fazendo requisição para: https://braspub-monitoring.com.br/pdf/789
2025-04-08 10:41:45,834 - WARNING - Falha ao acessar URL: https://braspub-monitoring.com.br/pdf/789, status: 404
2025-04-08 10:41:45,835 - INFO - Portal link extraído de link_web_texto: https://braspub-monitoring.com.br/pdf/789
2025-04-08 10:41:45,835 - WARNING - URL inválida para extração de keywords: Notícia3
2025-04-08 10:41:45,835 - WARNING - URL inválida para detecção de mídia: Notícia3
2025-04-08 10:41:45,857 - INFO - Planilha processada salva em: teste_pdf_links_processado.xlsx
2025-04-08 11:00:22,760 - INFO - Iniciando processamento da planilha: teste_midia_types.xlsx
2025-04-08 11:00:22,770 - INFO - Encontrada coluna Link web - Imagem: Link web - Imagem (índice 2)
2025-04-08 11:00:22,771 - INFO - Encontrada coluna Link web - Texto: Link web - Texto (índice 3)
2025-04-08 11:00:22,771 - INFO - Processando linha 2 (0%)
2025-04-08 11:00:22,771 - INFO - Link web - Imagem na linha 2: https://example.com/img1.jpg
2025-04-08 11:00:22,771 - INFO - Link web - Texto na linha 2: https://braspub-monitoring.com.br/materia/123
2025-04-08 11:00:22,771 - INFO - Buscando mídia para: Portal na URL: https://braspub-monitoring.com.br/materia/123
2025-04-08 11:00:22,772 - INFO - Fazendo requisição para: https://braspub-monitoring.com.br/materia/123
2025-04-08 11:00:22,991 - WARNING - Falha ao acessar URL: https://braspub-monitoring.com.br/materia/123, status: 404
2025-04-08 11:00:22,991 - INFO - Portal link extraído de link_web_texto: https://braspub-monitoring.com.br/materia/123
2025-04-08 11:00:22,991 - INFO - Impresso link direto do link_web_imagem: https://example.com/img1.jpg
2025-04-08 11:00:22,992 - WARNING - URL inválida para TV: Notícia1. Usando URL padrão.
2025-04-08 11:00:22,992 - INFO - TV link extraído de url_base: Notícia1.mp4
2025-04-08 11:00:22,992 - WARNING - URL inválida para Rádio: Notícia1. Usando URL padrão.
2025-04-08 11:00:22,992 - INFO - Rádio link extraído de url_base: Notícia1.mp3
2025-04-08 11:00:22,992 - WARNING - URL inválida para extração de keywords: Notícia1
2025-04-08 11:00:22,992 - WARNING - URL inválida para detecção de mídia: Notícia1
2025-04-08 11:00:22,992 - INFO - Processando linha 3 (25%)
2025-04-08 11:00:22,992 - INFO - Link web - Imagem na linha 3: https://example.com/img2.jpg
2025-04-08 11:00:22,992 - INFO - Link web - Texto na linha 3: https://braspub-monitoring.com.br/noticia/456
2025-04-08 11:00:22,992 - INFO - Buscando mídia para: Portal na URL: https://braspub-monitoring.com.br/noticia/456
2025-04-08 11:00:22,993 - INFO - Fazendo requisição para: https://braspub-monitoring.com.br/noticia/456
2025-04-08 11:00:23,086 - WARNING - Falha ao acessar URL: https://braspub-monitoring.com.br/noticia/456, status: 404
2025-04-08 11:00:23,086 - INFO - Portal link extraído de link_web_texto: https://braspub-monitoring.com.br/noticia/456
2025-04-08 11:00:23,086 - INFO - Impresso link direto do link_web_imagem: https://example.com/img2.jpg
2025-04-08 11:00:23,086 - WARNING - URL inválida para TV: Notícia2. Usando URL padrão.
2025-04-08 11:00:23,086 - INFO - TV link extraído de url_base: Notícia2.mp4
2025-04-08 11:00:23,087 - WARNING - URL inválida para Rádio: Notícia2. Usando URL padrão.
2025-04-08 11:00:23,087 - INFO - Rádio link extraído de url_base: Notícia2.mp3
2025-04-08 11:00:23,087 - WARNING - URL inválida para extração de keywords: Notícia2
2025-04-08 11:00:23,087 - WARNING - URL inválida para detecção de mídia: Notícia2
2025-04-08 11:00:23,087 - INFO - Processando linha 4 (50%)
2025-04-08 11:00:23,087 - INFO - Link web - Imagem na linha 4: https://example.com/img3.jpg
2025-04-08 11:00:23,087 - INFO - Link web - Texto na linha 4: https://braspub-monitoring.com.br/video/789
2025-04-08 11:00:23,087 - INFO - Buscando mídia para: Portal na URL: https://braspub-monitoring.com.br/video/789
2025-04-08 11:00:23,087 - INFO - Fazendo requisição para: https://braspub-monitoring.com.br/video/789
2025-04-08 11:00:23,175 - WARNING - Falha ao acessar URL: https://braspub-monitoring.com.br/video/789, status: 404
2025-04-08 11:00:23,175 - INFO - Portal link extraído de link_web_texto: https://braspub-monitoring.com.br/video/789
2025-04-08 11:00:23,175 - INFO - Impresso link direto do link_web_imagem: https://example.com/img3.jpg
2025-04-08 11:00:23,175 - WARNING - URL inválida para TV: Notícia3. Usando URL padrão.
2025-04-08 11:00:23,176 - INFO - TV link extraído de url_base: Notícia3.mp4
2025-04-08 11:00:23,176 - WARNING - URL inválida para Rádio: Notícia3. Usando URL padrão.
2025-04-08 11:00:23,176 - INFO - Rádio link extraído de url_base: Notícia3.mp3
2025-04-08 11:00:23,176 - WARNING - URL inválida para extração de keywords: Notícia3
2025-04-08 11:00:23,176 - WARNING - URL inválida para detecção de mídia: Notícia3
2025-04-08 11:00:23,176 - INFO - Processando linha 5 (75%)
2025-04-08 11:00:23,176 - INFO - Link web - Imagem na linha 5: https://example.com/img4.jpg
2025-04-08 11:00:23,176 - INFO - Link web - Texto na linha 5: https://braspub-monitoring.com.br/audio/101112
2025-04-08 11:00:23,176 - INFO - Buscando mídia para: Portal na URL: https://braspub-monitoring.com.br/audio/101112
2025-04-08 11:00:23,177 - INFO - Fazendo requisição para: https://braspub-monitoring.com.br/audio/101112
2025-04-08 11:00:23,259 - WARNING - Falha ao acessar URL: https://braspub-monitoring.com.br/audio/101112, status: 404
2025-04-08 11:00:23,259 - INFO - Portal link extraído de link_web_texto: https://braspub-monitoring.com.br/audio/101112
2025-04-08 11:00:23,259 - INFO - Impresso link direto do link_web_imagem: https://example.com/img4.jpg
2025-04-08 11:00:23,259 - WARNING - URL inválida para TV: Notícia4. Usando URL padrão.
2025-04-08 11:00:23,260 - INFO - TV link extraído de url_base: Notícia4.mp4
2025-04-08 11:00:23,260 - WARNING - URL inválida para Rádio: Notícia4. Usando URL padrão.
2025-04-08 11:00:23,260 - INFO - Rádio link extraído de url_base: Notícia4.mp3
2025-04-08 11:00:23,260 - WARNING - URL inválida para extração de keywords: Notícia4
2025-04-08 11:00:23,260 - WARNING - URL inválida para detecção de mídia: Notícia4
2025-04-08 11:00:23,279 - INFO - Planilha processada salva em: teste_midia_types_processado.xlsx
2025-04-08 11:03:31,966 - INFO - Iniciando processamento da planilha: teste_midia_types_corrigido.xlsx
2025-04-08 11:03:31,966 - ERROR - Arquivo não encontrado: teste_midia_types_corrigido.xlsx
